0 info it worked if it ends with ok
1 verbose cli [ 'node', '/usr/local/bin/npm', 'install', 'susy' ]
2 info using npm@1.4.21
3 info using node@v0.10.30
4 verbose readDependencies using package.json deps
5 verbose cache add [ 'susy', null ]
6 verbose cache add name=undefined spec="susy" args=["susy",null]
7 verbose parsed url { protocol: null,
7 verbose parsed url   slashes: null,
7 verbose parsed url   auth: null,
7 verbose parsed url   host: null,
7 verbose parsed url   port: null,
7 verbose parsed url   hostname: null,
7 verbose parsed url   hash: null,
7 verbose parsed url   search: null,
7 verbose parsed url   query: null,
7 verbose parsed url   pathname: 'susy',
7 verbose parsed url   path: 'susy',
7 verbose parsed url   href: 'susy' }
8 silly lockFile 606cae55-susy susy
9 verbose lock susy /Users/rayvillalobos/.npm/606cae55-susy.lock
10 silly lockFile 606cae55-susy susy
11 silly lockFile 606cae55-susy susy
12 verbose addNamed [ 'susy', '' ]
13 verbose addNamed [ null, '*' ]
14 silly lockFile 5da462df-susy susy@
15 verbose lock susy@ /Users/rayvillalobos/.npm/5da462df-susy.lock
16 silly addNameRange { name: 'susy', range: '*', hasData: false }
17 verbose request where is /susy
18 verbose request registry https://registry.npmjs.org/
19 verbose request id 26ca5b2a9b735644
20 verbose url raw /susy
21 verbose url resolving [ 'https://registry.npmjs.org/', './susy' ]
22 verbose url resolved https://registry.npmjs.org/susy
23 verbose request where is https://registry.npmjs.org/susy
24 info trying registry request attempt 1 at 04:10:22
25 http GET https://registry.npmjs.org/susy
26 http 404 https://registry.npmjs.org/susy
27 verbose headers { date: 'Sat, 09 Aug 2014 08:10:23 GMT',
27 verbose headers   server: 'CouchDB/1.5.0 (Erlang OTP/R16B03)',
27 verbose headers   'content-type': 'application/json',
27 verbose headers   'cache-control': 'max-age=0',
27 verbose headers   'content-length': '52',
27 verbose headers   'accept-ranges': 'bytes',
27 verbose headers   via: '1.1 varnish',
27 verbose headers   age: '0',
27 verbose headers   'x-served-by': 'cache-iad2120-IAD',
27 verbose headers   'x-cache': 'MISS',
27 verbose headers   'x-cache-hits': '0',
27 verbose headers   'x-timer': 'S1407571823.494002,VS0,VE418',
27 verbose headers   'keep-alive': 'timeout=10, max=50',
27 verbose headers   connection: 'Keep-Alive' }
28 silly registry.get cb [ 404,
28 silly registry.get   { date: 'Sat, 09 Aug 2014 08:10:23 GMT',
28 silly registry.get     server: 'CouchDB/1.5.0 (Erlang OTP/R16B03)',
28 silly registry.get     'content-type': 'application/json',
28 silly registry.get     'cache-control': 'max-age=0',
28 silly registry.get     'content-length': '52',
28 silly registry.get     'accept-ranges': 'bytes',
28 silly registry.get     via: '1.1 varnish',
28 silly registry.get     age: '0',
28 silly registry.get     'x-served-by': 'cache-iad2120-IAD',
28 silly registry.get     'x-cache': 'MISS',
28 silly registry.get     'x-cache-hits': '0',
28 silly registry.get     'x-timer': 'S1407571823.494002,VS0,VE418',
28 silly registry.get     'keep-alive': 'timeout=10, max=50',
28 silly registry.get     connection: 'Keep-Alive' } ]
29 silly lockFile 5da462df-susy susy@
30 silly lockFile 5da462df-susy susy@
31 error 404 404 Not Found: susy
31 error 404
31 error 404 'susy' is not in the npm registry.
31 error 404 You should bug the author to publish it
31 error 404 It was specified as a dependency of 'SinglePageResponsive'
31 error 404
31 error 404 Note that you can also install from a
31 error 404 tarball, folder, or http url, or git url.
32 error System Darwin 13.3.0
33 error command "node" "/usr/local/bin/npm" "install" "susy"
34 error cwd /Users/rayvillalobos/Desktop/responsive
35 error node -v v0.10.30
36 error npm -v 1.4.21
37 error code E404
38 verbose exit [ 1, true ]
